<?xml version="1.0" encoding="UTF-8"?>
<testng-results skipped="0" failed="0" ignored="0" total="0" passed="0">
  <reporter-output>
  </reporter-output>
  <suite name="Surefire suite" duration-ms="168190" started-at="2021-08-11T19:56:07 IST" finished-at="2021-08-11T19:58:55 IST">
    <groups>
    </groups>
    <test name="Surefire test" duration-ms="168190" started-at="2021-08-11T19:56:07 IST" finished-at="2021-08-11T19:58:55 IST">
    </test> <!-- Surefire test -->
  </suite> <!-- Surefire suite -->
</testng-results>
